Using pre-set license
Built from '2020.3/staging' branch; Version is '2020.3.6f1 (338bb68529b2) revision 3378102'; Using compiler version '192528614'; Build Type 'Release'
OS: 'Windows 10 Home; OS build 19044.1706; Version 2009; 64bit' Language: 'en' Physical Memory: 16294 MB
BatchMode: 1, IsHumanControllingUs: 0, StartBugReporterOnCrash: 0, Is64bit: 1, IsPro: 0

 COMMAND LINE ARGUMENTS:
C:\Program Files\Unity\Hub\Editor\2020.3.6f1\Editor\Unity.exe
-adb2
-batchMode
-noUpm
-name
AssetImportWorker0
-projectPath
C:/Users/xdjer/Projects/Witches-Give-Stitches-EXTREME/Witches Give Stitches EXTREME
-logFile
Logs/AssetImportWorker0.log
-srvPort
64356
Successfully changed project path to: C:/Users/xdjer/Projects/Witches-Give-Stitches-EXTREME/Witches Give Stitches EXTREME
C:/Users/xdjer/Projects/Witches-Give-Stitches-EXTREME/Witches Give Stitches EXTREME
Using Asset Import Pipeline V2.
Refreshing native plugins compatible for Editor in 47.29 ms, found 0 plugins.
Preloading 0 native plugins for Editor in 0.00 ms.
Initialize engine version: 2020.3.6f1 (338bb68529b2)
[Subsystems] Discovering subsystems at path C:/Program Files/Unity/Hub/Editor/2020.3.6f1/Editor/Data/Resources/UnitySubsystems
[Subsystems] Discovering subsystems at path C:/Users/xdjer/Projects/Witches-Give-Stitches-EXTREME/Witches Give Stitches EXTREME/Assets
GfxDevice: creating device client; threaded=0
Direct3D:
    Version:  Direct3D 11.0 [level 11.1]
    Renderer: NVIDIA GeForce GTX 1660 Ti (ID=0x2191)
    Vendor:   
    VRAM:     5991 MB
    Driver:   30.0.14.7196
Shader 'Universal Render Pipeline/Particles/Lit': fallback shader 'Universal Render Pipeline/Particles/SimpleLit' not found
Initialize mono
Mono path[0] = 'C:/Program Files/Unity/Hub/Editor/2020.3.6f1/Editor/Data/Managed'
Mono path[1] = 'C:/Program Files/Unity/Hub/Editor/2020.3.6f1/Editor/Data/MonoBleedingEdge/lib/mono/unityjit'
Mono config path = 'C:/Program Files/Unity/Hub/Editor/2020.3.6f1/Editor/Data/MonoBleedingEdge/etc'
Using monoOptions --debugger-agent=transport=dt_socket,embedding=1,server=y,suspend=n,address=127.0.0.1:56260
Begin MonoManager ReloadAssembly
Registering precompiled unity dll's ...
Register platform support module: C:/Program Files/Unity/Hub/Editor/2020.3.6f1/Editor/Data/PlaybackEngines/WebGLSupport/UnityEditor.WebGL.Extensions.dll
Register platform support module: C:/Program Files/Unity/Hub/Editor/2020.3.6f1/Editor/Data/PlaybackEngines/WindowsStandaloneSupport/UnityEditor.WindowsStandalone.Extensions.dll
Registered in 0.002764 seconds.
Native extension for WindowsStandalone target not found
Native extension for WebGL target not found
Refreshing native plugins compatible for Editor in 47.21 ms, found 0 plugins.
Preloading 0 native plugins for Editor in 0.00 ms.
Mono: successfully reloaded assembly
- Completed reload, in  1.233 seconds
Platform modules already initialized, skipping
Registering precompiled user dll's ...
Registered in 0.001504 seconds.
Begin MonoManager ReloadAssembly
Native extension for WindowsStandalone target not found
Native extension for WebGL target not found
Refreshing native plugins compatible for Editor in 48.31 ms, found 0 plugins.
Preloading 0 native plugins for Editor in 0.00 ms.
Mono: successfully reloaded assembly
- Completed reload, in  0.932 seconds
Platform modules already initialized, skipping
========================================================================
Worker process is ready to serve import requests
Shader 'Universal Render Pipeline/Particles/Lit': fallback shader 'Universal Render Pipeline/Particles/SimpleLit' not found
Launched and connected shader compiler UnityShaderCompiler.exe after 0.04 seconds
Refreshing native plugins compatible for Editor in 0.43 ms, found 0 plugins.
Preloading 0 native plugins for Editor in 0.00 ms.
Unloading 2598 Unused Serialized files (Serialized files now loaded: 0)
System memory in use before: 136.9 MB.
System memory in use after: 134.5 MB.

Unloading 41 unused Assets to reduce memory usage. Loaded Objects now: 3027.
Total: 3.099600 ms (FindLiveObjects: 0.271500 ms CreateObjectMapping: 0.095700 ms MarkObjects: 1.606800 ms  DeleteObjects: 1.124400 ms)

========================================================================
Received Import Request.
  path: Assets/Prefabs/Characters/Zombie.prefab
  artifactKey: Guid(55616d4b891b2684183261a29e934ab5) Importer(815301076,1909f56bfc062723c751e8b465ee728b)
Start importing Assets/Prefabs/Characters/Zombie.prefab using Guid(55616d4b891b2684183261a29e934ab5) Importer(815301076,1909f56bfc062723c751e8b465ee728b)  -> (artifact id: 'dbb9a9265a74574537d5595f7d039988') in 0.299281 seconds
  Import took 0.304137 seconds .

========================================================================
Received Import Request.
  Time since last request: 17.753222 seconds.
  path: Assets/Materials/Enemy material.mat
  artifactKey: Guid(2bc9a18511cc80440a35185a2c929da9) Importer(815301076,1909f56bfc062723c751e8b465ee728b)
Start importing Assets/Materials/Enemy material.mat using Guid(2bc9a18511cc80440a35185a2c929da9) Importer(815301076,1909f56bfc062723c751e8b465ee728b)  -> (artifact id: '1509122731d1047ba80d9cbbdcb3f5fc') in 0.040910 seconds
  Import took 0.044673 seconds .

========================================================================
Received Import Request.
  Time since last request: 0.001749 seconds.
  path: Assets/Materials/Enemy material.mat
  artifactKey: Guid(2bc9a18511cc80440a35185a2c929da9) Importer(815301076,1909f56bfc062723c751e8b465ee728b)
Start importing Assets/Materials/Enemy material.mat using Guid(2bc9a18511cc80440a35185a2c929da9) Importer(815301076,1909f56bfc062723c751e8b465ee728b)  -> (artifact id: '1509122731d1047ba80d9cbbdcb3f5fc') in 0.008941 seconds
  Import took 0.012460 seconds .

========================================================================
Received Import Request.
  Time since last request: 118.625755 seconds.
  path: Assets/Asset Packs/Zombie/Materials
  artifactKey: Guid(8788e5bbc8e9a6343979255ce0979a0c) Importer(815301076,1909f56bfc062723c751e8b465ee728b)
Start importing Assets/Asset Packs/Zombie/Materials using Guid(8788e5bbc8e9a6343979255ce0979a0c) Importer(815301076,1909f56bfc062723c751e8b465ee728b)  -> (artifact id: '01bd942aed82d2a48078b9ce1e2f95ce') in 0.007369 seconds
  Import took 0.011466 seconds .

========================================================================
Received Prepare
Registering precompiled user dll's ...
Registered in 0.001580 seconds.
Begin MonoManager ReloadAssembly
Native extension for WindowsStandalone target not found
Native extension for WebGL target not found
Refreshing native plugins compatible for Editor in 0.50 ms, found 0 plugins.
Preloading 0 native plugins for Editor in 0.00 ms.
Mono: successfully reloaded assembly
- Completed reload, in  0.891 seconds
Platform modules already initialized, skipping
Shader 'Universal Render Pipeline/Particles/Lit': fallback shader 'Universal Render Pipeline/Particles/SimpleLit' not found
Refreshing native plugins compatible for Editor in 0.74 ms, found 0 plugins.
Preloading 0 native plugins for Editor in 0.00 ms.
Unloading 2486 Unused Serialized files (Serialized files now loaded: 0)
System memory in use before: 148.8 MB.
System memory in use after: 146.4 MB.

Unloading 36 unused Assets to reduce memory usage. Loaded Objects now: 3109.
Total: 3.689900 ms (FindLiveObjects: 0.410500 ms CreateObjectMapping: 0.147300 ms MarkObjects: 1.947800 ms  DeleteObjects: 1.182900 ms)

========================================================================
Received Prepare
Registering precompiled user dll's ...
Registered in 0.001547 seconds.
Begin MonoManager ReloadAssembly
Native extension for WindowsStandalone target not found
Native extension for WebGL target not found
Refreshing native plugins compatible for Editor in 0.43 ms, found 0 plugins.
Preloading 0 native plugins for Editor in 0.00 ms.
Mono: successfully reloaded assembly
- Completed reload, in  0.832 seconds
Platform modules already initialized, skipping
Shader 'Universal Render Pipeline/Particles/Lit': fallback shader 'Universal Render Pipeline/Particles/SimpleLit' not found
Refreshing native plugins compatible for Editor in 0.47 ms, found 0 plugins.
Preloading 0 native plugins for Editor in 0.00 ms.
Unloading 2486 Unused Serialized files (Serialized files now loaded: 0)
System memory in use before: 148.9 MB.
System memory in use after: 146.6 MB.

Unloading 36 unused Assets to reduce memory usage. Loaded Objects now: 3112.
Total: 4.512400 ms (FindLiveObjects: 0.444900 ms CreateObjectMapping: 0.207100 ms MarkObjects: 2.013600 ms  DeleteObjects: 1.845000 ms)

AssetImportWorkerClient::OnTransportError - code=2 error=End of file
